<?xml version="1.0" encoding="UTF-8"?>
<!-- Generated by org.testng.reporters.JUnitReportReporter -->
<testsuite hostname="prakash-PC" name="com.actitime.reporttest.ReportTest" tests="2" failures="0" timestamp="19 Feb 2015 10:26:58 GMT" time="4.142" errors="0">
  <testcase name="createReportTest" time="2.344" classname="com.actitime.reporttest.ReportTest"/>
  <testcase name="modifyReportTest" time="1.798" classname="com.actitime.reporttest.ReportTest"/>
</testsuite> <!-- com.actitime.reporttest.ReportTest -->
