<?xml version="1.0" encoding="UTF-8"?>
<!-- Generated by org.testng.reporters.JUnitReportReporter -->
<testsuite hostname="prakash-PC" name="com.actitime.projectandcustomerTest.ProjectAndCustomerTest" tests="2" failures="0" timestamp="19 Feb 2015 10:26:58 GMT" time="16.497" errors="0">
  <testcase name="modifyCustomer" time="9.630" classname="com.actitime.projectandcustomerTest.ProjectAndCustomerTest"/>
  <testcase name="createCustomer" time="6.867" classname="com.actitime.projectandcustomerTest.ProjectAndCustomerTest"/>
</testsuite> <!-- com.actitime.projectandcustomerTest.ProjectAndCustomerTest -->
